[16-Jun-2018 20:56:26 Asia/Manila] PHP Notice:  Undefined index: id in C:\Users\MISD-004\Desktop\UwAmp310\www\dtrsystem\angular\modules\account\account-profile.php on line 13
[16-Jun-2018 20:56:26 Asia/Manila] PHP Stack trace:
[16-Jun-2018 20:56:26 Asia/Manila] PHP   1. {main}() C:\Users\MISD-004\Desktop\UwAmp310\www\dtrsystem\angular\modules\account\account-profile.php:0
[16-Jun-2018 20:56:26 Asia/Manila] PHP Fatal error:  Uncaught PDOException: SQLSTATE[42000]: Syntax error or access violation: 1064 You have an error in your SQL syntax; check the manual that corresponds to your MySQL server version for the right syntax to use near '' at line 1 in C:\Users\MISD-004\Desktop\UwAmp310\www\dtrsystem\db.php:39
Stack trace:
#0 C:\Users\MISD-004\Desktop\UwAmp310\www\dtrsystem\db.php(39): PDO->query('SELECT CONCAT(f...')
#1 C:\Users\MISD-004\Desktop\UwAmp310\www\dtrsystem\db.php(71): pdo_db->getData('SELECT CONCAT(f...')
#2 C:\Users\MISD-004\Desktop\UwAmp310\www\dtrsystem\angular\modules\account\account-profile.php(13): pdo_db->get(Array, Array)
#3 {main}
  thrown in C:\Users\MISD-004\Desktop\UwAmp310\www\dtrsystem\db.php on line 39
[17-Jun-2018 21:35:19 Asia/Manila] PHP Notice:  Undefined index: id in C:\Users\MISD-004\Desktop\UwAmp310\www\dtrsystem\angular\modules\account\account-profile.php on line 13
[17-Jun-2018 21:35:20 Asia/Manila] PHP Stack trace:
[17-Jun-2018 21:35:20 Asia/Manila] PHP   1. {main}() C:\Users\MISD-004\Desktop\UwAmp310\www\dtrsystem\angular\modules\account\account-profile.php:0
[17-Jun-2018 21:35:20 Asia/Manila] PHP Fatal error:  Uncaught PDOException: SQLSTATE[42000]: Syntax error or access violation: 1064 You have an error in your SQL syntax; check the manual that corresponds to your MySQL server version for the right syntax to use near '' at line 1 in C:\Users\MISD-004\Desktop\UwAmp310\www\dtrsystem\db.php:39
Stack trace:
#0 C:\Users\MISD-004\Desktop\UwAmp310\www\dtrsystem\db.php(39): PDO->query('SELECT CONCAT(f...')
#1 C:\Users\MISD-004\Desktop\UwAmp310\www\dtrsystem\db.php(71): pdo_db->getData('SELECT CONCAT(f...')
#2 C:\Users\MISD-004\Desktop\UwAmp310\www\dtrsystem\angular\modules\account\account-profile.php(13): pdo_db->get(Array, Array)
#3 {main}
  thrown in C:\Users\MISD-004\Desktop\UwAmp310\www\dtrsystem\db.php on line 39
[17-Jun-2018 21:39:59 Asia/Manila] PHP Fatal error:  Uncaught PDOException: SQLSTATE[42S22]: Column not found: 1054 Unknown column 'groups' in 'field list' in C:\Users\MISD-004\Desktop\UwAmp310\www\dtrsystem\db.php:39
Stack trace:
#0 C:\Users\MISD-004\Desktop\UwAmp310\www\dtrsystem\db.php(39): PDO->query('SELECT CONCAT(f...')
#1 C:\Users\MISD-004\Desktop\UwAmp310\www\dtrsystem\db.php(71): pdo_db->getData('SELECT CONCAT(f...')
#2 C:\Users\MISD-004\Desktop\UwAmp310\www\dtrsystem\angular\modules\account\account-profile.php(13): pdo_db->get(Array, Array)
#3 {main}
  thrown in C:\Users\MISD-004\Desktop\UwAmp310\www\dtrsystem\db.php on line 39
[17-Jun-2018 21:40:20 Asia/Manila] PHP Fatal error:  Uncaught PDOException: SQLSTATE[42S22]: Column not found: 1054 Unknown column 'groups' in 'field list' in C:\Users\MISD-004\Desktop\UwAmp310\www\dtrsystem\db.php:39
Stack trace:
#0 C:\Users\MISD-004\Desktop\UwAmp310\www\dtrsystem\db.php(39): PDO->query('SELECT CONCAT(f...')
#1 C:\Users\MISD-004\Desktop\UwAmp310\www\dtrsystem\db.php(71): pdo_db->getData('SELECT CONCAT(f...')
#2 C:\Users\MISD-004\Desktop\UwAmp310\www\dtrsystem\angular\modules\account\account-profile.php(13): pdo_db->get(Array, Array)
#3 {main}
  thrown in C:\Users\MISD-004\Desktop\UwAmp310\www\dtrsystem\db.php on line 39
