[2019-10-09 21:35:52] my_logger.DEBUG: CORS analysis for request started. [] []
[2019-10-09 21:35:52] my_logger.INFO: Request is not CORS (request origin is empty). {"request":null,"server":"[object] (Neomerx\\Cors\\Http\\ParsedUrl: //)"} []
[2019-10-09 21:35:52] my_logger.DEBUG: CORS analysis for request completed. [] []
[2019-10-09 21:36:00] my_logger.DEBUG: CORS analysis for request started. [] []
[2019-10-09 21:36:00] my_logger.INFO: Request is not CORS (request origin is empty). {"request":null,"server":"[object] (Neomerx\\Cors\\Http\\ParsedUrl: //)"} []
[2019-10-09 21:36:00] my_logger.DEBUG: CORS analysis for request completed. [] []
[2019-10-09 21:36:00] my_logger.WARNING: Token not found [] []
[2019-10-09 21:38:09] my_logger.DEBUG: CORS analysis for request started. [] []
[2019-10-09 21:38:09] my_logger.INFO: Request is not CORS (request origin is empty). {"request":null,"server":"[object] (Neomerx\\Cors\\Http\\ParsedUrl: //)"} []
[2019-10-09 21:38:09] my_logger.DEBUG: CORS analysis for request completed. [] []
[2019-10-09 21:38:09] my_logger.WARNING: Token not found [] []
[2019-10-09 21:39:45] my_logger.DEBUG: CORS analysis for request started. [] []
[2019-10-09 21:39:45] my_logger.INFO: Request is not CORS (request origin is empty). {"request":null,"server":"[object] (Neomerx\\Cors\\Http\\ParsedUrl: //)"} []
[2019-10-09 21:39:45] my_logger.DEBUG: CORS analysis for request started. [] []
[2019-10-09 21:39:45] my_logger.DEBUG: CORS analysis for request completed. [] []
[2019-10-09 21:39:45] my_logger.DEBUG: CORS analysis for request started. [] []
[2019-10-09 21:39:45] my_logger.WARNING: Token not found [] []
[2019-10-09 21:39:45] my_logger.INFO: Request is not CORS (request origin is empty). {"request":null,"server":"[object] (Neomerx\\Cors\\Http\\ParsedUrl: //)"} []
[2019-10-09 21:39:45] my_logger.INFO: Request is not CORS (request origin is empty). {"request":null,"server":"[object] (Neomerx\\Cors\\Http\\ParsedUrl: //)"} []
[2019-10-09 21:39:45] my_logger.DEBUG: CORS analysis for request completed. [] []
[2019-10-09 21:39:45] my_logger.DEBUG: CORS analysis for request completed. [] []
[2019-10-09 21:39:45] my_logger.WARNING: Token not found [] []
[2019-10-09 21:39:45] my_logger.DEBUG: CORS analysis for request started. [] []
[2019-10-09 21:39:45] my_logger.INFO: Request is not CORS (request origin is empty). {"request":null,"server":"[object] (Neomerx\\Cors\\Http\\ParsedUrl: //)"} []
[2019-10-09 21:39:45] my_logger.DEBUG: CORS analysis for request completed. [] []
[2019-10-09 21:39:45] my_logger.WARNING: Token not found [] []
[2019-10-09 21:39:45] my_logger.DEBUG: CORS analysis for request started. [] []
[2019-10-09 21:39:45] my_logger.INFO: Request is not CORS (request origin is empty). {"request":null,"server":"[object] (Neomerx\\Cors\\Http\\ParsedUrl: //)"} []
[2019-10-09 21:39:45] my_logger.DEBUG: CORS analysis for request completed. [] []
[2019-10-09 21:39:45] my_logger.WARNING: Token not found [] []
[2019-10-09 21:39:50] my_logger.DEBUG: CORS analysis for request started. [] []
[2019-10-09 21:39:50] my_logger.INFO: Request is not CORS (request origin is empty). {"request":null,"server":"[object] (Neomerx\\Cors\\Http\\ParsedUrl: //)"} []
[2019-10-09 21:39:50] my_logger.DEBUG: CORS analysis for request completed. [] []
[2019-10-09 21:41:08] my_logger.DEBUG: CORS analysis for request started. [] []
[2019-10-09 21:41:08] my_logger.INFO: Request is not CORS (request origin is empty). {"request":null,"server":"[object] (Neomerx\\Cors\\Http\\ParsedUrl: //)"} []
[2019-10-09 21:41:08] my_logger.DEBUG: CORS analysis for request completed. [] []
[2019-10-09 21:41:08] my_logger.WARNING: Token not found [] []
[2019-10-09 21:43:54] my_logger.DEBUG: CORS analysis for request started. [] []
[2019-10-09 21:43:54] my_logger.INFO: Request is not CORS (request origin is empty). {"request":null,"server":"[object] (Neomerx\\Cors\\Http\\ParsedUrl: //)"} []
[2019-10-09 21:43:54] my_logger.DEBUG: CORS analysis for request completed. [] []
[2019-10-09 21:43:54] my_logger.DEBUG: CORS analysis for request started. [] []
[2019-10-09 21:43:54] my_logger.INFO: Request is not CORS (request origin is empty). {"request":null,"server":"[object] (Neomerx\\Cors\\Http\\ParsedUrl: //)"} []
[2019-10-09 21:43:54] my_logger.DEBUG: CORS analysis for request completed. [] []
[2019-10-09 21:43:54] my_logger.WARNING: Token not found [] []
[2019-10-09 21:43:54] my_logger.DEBUG: CORS analysis for request started. [] []
[2019-10-09 21:43:54] my_logger.INFO: Request is not CORS (request origin is empty). {"request":null,"server":"[object] (Neomerx\\Cors\\Http\\ParsedUrl: //)"} []
[2019-10-09 21:43:54] my_logger.DEBUG: CORS analysis for request completed. [] []
[2019-10-09 21:43:54] my_logger.WARNING: Token not found [] []
[2019-10-09 21:44:12] my_logger.DEBUG: CORS analysis for request started. [] []
[2019-10-09 21:44:12] my_logger.INFO: Request is not CORS (request origin is empty). {"request":null,"server":"[object] (Neomerx\\Cors\\Http\\ParsedUrl: //)"} []
[2019-10-09 21:44:12] my_logger.DEBUG: CORS analysis for request completed. [] []
[2019-10-09 21:44:12] my_logger.WARNING: Token not found [] []
[2019-10-09 21:44:35] my_logger.DEBUG: CORS analysis for request started. [] []
[2019-10-09 21:44:35] my_logger.INFO: Request is not CORS (request origin is empty). {"request":null,"server":"[object] (Neomerx\\Cors\\Http\\ParsedUrl: //)"} []
[2019-10-09 21:44:35] my_logger.DEBUG: CORS analysis for request completed. [] []
[2019-10-09 21:44:41] my_logger.DEBUG: CORS analysis for request started. [] []
[2019-10-09 21:44:41] my_logger.INFO: Request is not CORS (request origin is empty). {"request":null,"server":"[object] (Neomerx\\Cors\\Http\\ParsedUrl: //)"} []
[2019-10-09 21:44:41] my_logger.DEBUG: CORS analysis for request completed. [] []
[2019-10-09 21:44:41] my_logger.WARNING: Token not found [] []
[2019-10-09 21:44:53] my_logger.DEBUG: CORS analysis for request started. [] []
[2019-10-09 21:44:53] my_logger.INFO: Request is not CORS (request origin is empty). {"request":null,"server":"[object] (Neomerx\\Cors\\Http\\ParsedUrl: //)"} []
[2019-10-09 21:44:53] my_logger.DEBUG: CORS analysis for request completed. [] []
[2019-10-09 21:44:53] my_logger.WARNING: Token not found [] []
[2019-10-09 21:44:57] my_logger.DEBUG: CORS analysis for request started. [] []
[2019-10-09 21:44:57] my_logger.INFO: Request is not CORS (request origin is empty). {"request":null,"server":"[object] (Neomerx\\Cors\\Http\\ParsedUrl: //)"} []
[2019-10-09 21:44:57] my_logger.DEBUG: CORS analysis for request completed. [] []
[2019-10-09 21:44:59] my_logger.DEBUG: CORS analysis for request started. [] []
[2019-10-09 21:44:59] my_logger.INFO: Request is not CORS (request origin is empty). {"request":null,"server":"[object] (Neomerx\\Cors\\Http\\ParsedUrl: //)"} []
[2019-10-09 21:44:59] my_logger.DEBUG: CORS analysis for request completed. [] []
[2019-10-09 21:45:05] my_logger.DEBUG: CORS analysis for request started. [] []
[2019-10-09 21:45:05] my_logger.INFO: Request is not CORS (request origin is empty). {"request":null,"server":"[object] (Neomerx\\Cors\\Http\\ParsedUrl: //)"} []
[2019-10-09 21:45:05] my_logger.DEBUG: CORS analysis for request completed. [] []
[2019-10-09 21:45:05] my_logger.DEBUG: CORS analysis for request started. [] []
[2019-10-09 21:45:05] my_logger.INFO: Request is not CORS (request origin is empty). {"request":null,"server":"[object] (Neomerx\\Cors\\Http\\ParsedUrl: //)"} []
[2019-10-09 21:45:05] my_logger.DEBUG: CORS analysis for request completed. [] []
[2019-10-09 21:50:31] my_logger.DEBUG: CORS analysis for request started. [] []
[2019-10-09 21:50:31] my_logger.INFO: Request is not CORS (request origin is empty). {"request":null,"server":"[object] (Neomerx\\Cors\\Http\\ParsedUrl: //)"} []
[2019-10-09 21:50:31] my_logger.DEBUG: CORS analysis for request completed. [] []
[2019-10-09 21:51:58] my_logger.DEBUG: CORS analysis for request started. [] []
[2019-10-09 21:51:58] my_logger.INFO: Request is not CORS (request origin is empty). {"request":null,"server":"[object] (Neomerx\\Cors\\Http\\ParsedUrl: //)"} []
[2019-10-09 21:51:58] my_logger.DEBUG: CORS analysis for request completed. [] []
[2019-10-09 21:51:58] my_logger.DEBUG: CORS analysis for request started. [] []
[2019-10-09 21:51:58] my_logger.INFO: Request is not CORS (request origin is empty). {"request":null,"server":"[object] (Neomerx\\Cors\\Http\\ParsedUrl: //)"} []
[2019-10-09 21:51:58] my_logger.DEBUG: CORS analysis for request completed. [] []
[2019-10-09 21:51:58] my_logger.WARNING: Token not found [] []
[2019-10-09 21:53:14] my_logger.DEBUG: CORS analysis for request started. [] []
[2019-10-09 21:53:14] my_logger.INFO: Request is not CORS (request origin is empty). {"request":null,"server":"[object] (Neomerx\\Cors\\Http\\ParsedUrl: //)"} []
[2019-10-09 21:53:14] my_logger.DEBUG: CORS analysis for request completed. [] []
[2019-10-09 21:53:14] my_logger.WARNING: Token not found [] []
[2019-10-09 21:53:17] my_logger.DEBUG: CORS analysis for request started. [] []
[2019-10-09 21:53:17] my_logger.INFO: Request is not CORS (request origin is empty). {"request":null,"server":"[object] (Neomerx\\Cors\\Http\\ParsedUrl: //)"} []
[2019-10-09 21:53:17] my_logger.DEBUG: CORS analysis for request completed. [] []
[2019-10-09 21:53:17] my_logger.WARNING: Token not found [] []
[2019-10-09 21:53:26] my_logger.DEBUG: CORS analysis for request started. [] []
[2019-10-09 21:53:26] my_logger.INFO: Request is not CORS (request origin is empty). {"request":null,"server":"[object] (Neomerx\\Cors\\Http\\ParsedUrl: //)"} []
[2019-10-09 21:53:26] my_logger.DEBUG: CORS analysis for request completed. [] []
[2019-10-09 21:53:26] my_logger.WARNING: Token not found [] []
[2019-10-09 21:57:18] my_logger.DEBUG: CORS analysis for request started. [] []
[2019-10-09 21:57:18] my_logger.INFO: Request is not CORS (request origin is empty). {"request":null,"server":"[object] (Neomerx\\Cors\\Http\\ParsedUrl: //)"} []
[2019-10-09 21:57:18] my_logger.DEBUG: CORS analysis for request completed. [] []
[2019-10-09 21:57:18] my_logger.WARNING: Token not found [] []
[2019-10-09 21:57:24] my_logger.DEBUG: CORS analysis for request started. [] []
[2019-10-09 21:57:24] my_logger.INFO: Request is not CORS (request origin is empty). {"request":null,"server":"[object] (Neomerx\\Cors\\Http\\ParsedUrl: //)"} []
[2019-10-09 21:57:24] my_logger.DEBUG: CORS analysis for request completed. [] []
[2019-10-09 21:57:24] my_logger.WARNING: Token not found [] []
[2019-10-09 21:57:28] my_logger.DEBUG: CORS analysis for request started. [] []
[2019-10-09 21:57:28] my_logger.INFO: Request is not CORS (request origin is empty). {"request":null,"server":"[object] (Neomerx\\Cors\\Http\\ParsedUrl: //)"} []
[2019-10-09 21:57:28] my_logger.DEBUG: CORS analysis for request completed. [] []
[2019-10-09 21:57:28] my_logger.WARNING: Token not found [] []
[2019-10-09 21:57:32] my_logger.DEBUG: CORS analysis for request started. [] []
[2019-10-09 21:57:32] my_logger.INFO: Request is not CORS (request origin is empty). {"request":null,"server":"[object] (Neomerx\\Cors\\Http\\ParsedUrl: //)"} []
[2019-10-09 21:57:32] my_logger.DEBUG: CORS analysis for request completed. [] []
[2019-10-09 21:57:48] my_logger.DEBUG: CORS analysis for request started. [] []
[2019-10-09 21:57:48] my_logger.INFO: Request is not CORS (request origin is empty). {"request":null,"server":"[object] (Neomerx\\Cors\\Http\\ParsedUrl: //)"} []
[2019-10-09 21:57:48] my_logger.DEBUG: CORS analysis for request completed. [] []
[2019-10-09 21:57:55] my_logger.DEBUG: CORS analysis for request started. [] []
[2019-10-09 21:57:55] my_logger.INFO: Request is not CORS (request origin is empty). {"request":null,"server":"[object] (Neomerx\\Cors\\Http\\ParsedUrl: //)"} []
[2019-10-09 21:57:55] my_logger.DEBUG: CORS analysis for request completed. [] []
[2019-10-09 21:58:29] my_logger.DEBUG: CORS analysis for request started. [] []
[2019-10-09 21:58:29] my_logger.INFO: Request is not CORS (request origin is empty). {"request":null,"server":"[object] (Neomerx\\Cors\\Http\\ParsedUrl: //)"} []
[2019-10-09 21:58:29] my_logger.DEBUG: CORS analysis for request started. [] []
[2019-10-09 21:58:29] my_logger.DEBUG: CORS analysis for request completed. [] []
[2019-10-09 21:58:29] my_logger.WARNING: Token not found [] []
[2019-10-09 21:58:29] my_logger.INFO: Request is not CORS (request origin is empty). {"request":null,"server":"[object] (Neomerx\\Cors\\Http\\ParsedUrl: //)"} []
[2019-10-09 21:58:29] my_logger.DEBUG: CORS analysis for request completed. [] []
[2019-10-09 22:01:54] my_logger.DEBUG: CORS analysis for request started. [] []
[2019-10-09 22:01:54] my_logger.INFO: Request is not CORS (request origin is empty). {"request":null,"server":"[object] (Neomerx\\Cors\\Http\\ParsedUrl: //)"} []
[2019-10-09 22:01:54] my_logger.DEBUG: CORS analysis for request completed. [] []
[2019-10-09 22:01:54] my_logger.DEBUG: CORS analysis for request started. [] []
[2019-10-09 22:01:54] my_logger.INFO: Request is not CORS (request origin is empty). {"request":null,"server":"[object] (Neomerx\\Cors\\Http\\ParsedUrl: //)"} []
[2019-10-09 22:01:54] my_logger.DEBUG: CORS analysis for request completed. [] []
[2019-10-09 22:01:54] my_logger.DEBUG: CORS analysis for request started. [] []
[2019-10-09 22:01:54] my_logger.INFO: Request is not CORS (request origin is empty). {"request":null,"server":"[object] (Neomerx\\Cors\\Http\\ParsedUrl: //)"} []
[2019-10-09 22:01:54] my_logger.DEBUG: CORS analysis for request completed. [] []
[2019-10-09 22:01:54] my_logger.WARNING: Token not found [] []
[2019-10-09 22:01:54] my_logger.DEBUG: CORS analysis for request started. [] []
[2019-10-09 22:01:54] my_logger.INFO: Request is not CORS (request origin is empty). {"request":null,"server":"[object] (Neomerx\\Cors\\Http\\ParsedUrl: //)"} []
[2019-10-09 22:01:54] my_logger.DEBUG: CORS analysis for request completed. [] []
[2019-10-09 22:01:54] my_logger.WARNING: Token not found [] []
[2019-10-09 22:03:00] my_logger.DEBUG: CORS analysis for request started. [] []
[2019-10-09 22:03:00] my_logger.INFO: Request is not CORS (request origin is empty). {"request":null,"server":"[object] (Neomerx\\Cors\\Http\\ParsedUrl: //)"} []
[2019-10-09 22:03:00] my_logger.DEBUG: CORS analysis for request completed. [] []
[2019-10-09 22:04:19] my_logger.DEBUG: CORS analysis for request started. [] []
[2019-10-09 22:04:19] my_logger.INFO: Request is not CORS (request origin is empty). {"request":null,"server":"[object] (Neomerx\\Cors\\Http\\ParsedUrl: //)"} []
[2019-10-09 22:04:19] my_logger.DEBUG: CORS analysis for request completed. [] []
[2019-10-09 22:04:19] my_logger.DEBUG: Using token from environment [] []
[2019-10-09 22:04:24] my_logger.DEBUG: CORS analysis for request started. [] []
[2019-10-09 22:04:24] my_logger.INFO: Request is not CORS (request origin is empty). {"request":null,"server":"[object] (Neomerx\\Cors\\Http\\ParsedUrl: //)"} []
[2019-10-09 22:04:24] my_logger.DEBUG: CORS analysis for request completed. [] []
[2019-10-09 22:04:24] my_logger.DEBUG: Using token from environment [] []
[2019-10-09 22:04:47] my_logger.DEBUG: CORS analysis for request started. [] []
[2019-10-09 22:04:47] my_logger.INFO: Request is not CORS (request origin is empty). {"request":null,"server":"[object] (Neomerx\\Cors\\Http\\ParsedUrl: //)"} []
[2019-10-09 22:04:47] my_logger.DEBUG: CORS analysis for request completed. [] []
[2019-10-09 22:06:04] my_logger.DEBUG: CORS analysis for request started. [] []
[2019-10-09 22:06:04] my_logger.INFO: Request is not CORS (request origin is empty). {"request":null,"server":"[object] (Neomerx\\Cors\\Http\\ParsedUrl: //)"} []
[2019-10-09 22:06:04] my_logger.DEBUG: CORS analysis for request completed. [] []
[2019-10-09 22:06:04] my_logger.DEBUG: Using token from environment [] []
[2019-10-09 22:06:06] my_logger.DEBUG: CORS analysis for request started. [] []
[2019-10-09 22:06:06] my_logger.INFO: Request is not CORS (request origin is empty). {"request":null,"server":"[object] (Neomerx\\Cors\\Http\\ParsedUrl: //)"} []
[2019-10-09 22:06:06] my_logger.DEBUG: CORS analysis for request completed. [] []
[2019-10-09 22:06:06] my_logger.DEBUG: Using token from environment [] []
[2019-10-09 22:06:11] my_logger.DEBUG: CORS analysis for request started. [] []
[2019-10-09 22:06:11] my_logger.INFO: Request is not CORS (request origin is empty). {"request":null,"server":"[object] (Neomerx\\Cors\\Http\\ParsedUrl: //)"} []
[2019-10-09 22:06:11] my_logger.DEBUG: CORS analysis for request completed. [] []
[2019-10-09 22:06:21] my_logger.DEBUG: CORS analysis for request started. [] []
[2019-10-09 22:06:21] my_logger.INFO: Request is not CORS (request origin is empty). {"request":null,"server":"[object] (Neomerx\\Cors\\Http\\ParsedUrl: //)"} []
[2019-10-09 22:06:21] my_logger.DEBUG: CORS analysis for request completed. [] []
[2019-10-09 22:06:30] my_logger.DEBUG: CORS analysis for request started. [] []
[2019-10-09 22:06:30] my_logger.INFO: Request is not CORS (request origin is empty). {"request":null,"server":"[object] (Neomerx\\Cors\\Http\\ParsedUrl: //)"} []
[2019-10-09 22:06:30] my_logger.DEBUG: CORS analysis for request completed. [] []
[2019-10-09 22:07:29] my_logger.DEBUG: CORS analysis for request started. [] []
[2019-10-09 22:07:29] my_logger.INFO: Request is not CORS (request origin is empty). {"request":null,"server":"[object] (Neomerx\\Cors\\Http\\ParsedUrl: //)"} []
[2019-10-09 22:07:29] my_logger.DEBUG: CORS analysis for request completed. [] []
[2019-10-09 22:07:29] my_logger.INFO: Slim-Skeleton '/' route [] []
[2019-10-09 22:07:45] my_logger.DEBUG: CORS analysis for request started. [] []
[2019-10-09 22:07:45] my_logger.INFO: Request is not CORS (request origin is empty). {"request":null,"server":"[object] (Neomerx\\Cors\\Http\\ParsedUrl: //)"} []
[2019-10-09 22:07:45] my_logger.DEBUG: CORS analysis for request completed. [] []
[2019-10-09 22:07:45] my_logger.INFO: Slim-Skeleton '/' route [] []
[2019-10-09 22:14:39] my_logger.DEBUG: CORS analysis for request started. [] []
[2019-10-09 22:14:39] my_logger.INFO: Request is not CORS (request origin is empty). {"request":null,"server":"[object] (Neomerx\\Cors\\Http\\ParsedUrl: //)"} []
[2019-10-09 22:14:39] my_logger.DEBUG: CORS analysis for request completed. [] []
[2019-10-09 22:23:57] my_logger.DEBUG: CORS analysis for request started. [] []
[2019-10-09 22:23:57] my_logger.INFO: Request is not CORS (request origin is empty). {"request":null,"server":"[object] (Neomerx\\Cors\\Http\\ParsedUrl: //)"} []
[2019-10-09 22:23:57] my_logger.DEBUG: CORS analysis for request completed. [] []
[2019-10-09 22:23:58] my_logger.DEBUG: Using token from environment [] []
[2019-10-09 22:23:58] my_logger.WARNING: Expired token ["eyJ0eXAiOiJKV1QiLCJhbGciOiJIUzI1NiJ9.eyJpYXQiOjE1NzA2Mjk3ODAsImV4cCI6MTU3MDYzMDM4MCwianRpIjoiNXEwdlZwSElDQ1p6M2JnYXhLa2YwQiIsInN1YiI6bnVsbH0.hfdlSgMlLNLuqRCtHPnXqbBO3PXEeRgWjVjcfbnf9NU"] []
[2019-10-09 22:23:58] my_logger.DEBUG: CORS analysis for request started. [] []
[2019-10-09 22:23:58] my_logger.INFO: Request is not CORS (request origin is empty). {"request":null,"server":"[object] (Neomerx\\Cors\\Http\\ParsedUrl: //)"} []
[2019-10-09 22:23:58] my_logger.DEBUG: CORS analysis for request completed. [] []
[2019-10-09 22:23:58] my_logger.DEBUG: Using token from environment [] []
[2019-10-09 22:23:58] my_logger.WARNING: Expired token ["eyJ0eXAiOiJKV1QiLCJhbGciOiJIUzI1NiJ9.eyJpYXQiOjE1NzA2Mjk3ODAsImV4cCI6MTU3MDYzMDM4MCwianRpIjoiNXEwdlZwSElDQ1p6M2JnYXhLa2YwQiIsInN1YiI6bnVsbH0.hfdlSgMlLNLuqRCtHPnXqbBO3PXEeRgWjVjcfbnf9NU"] []
[2019-10-09 22:23:58] my_logger.DEBUG: CORS analysis for request started. [] []
[2019-10-09 22:23:58] my_logger.INFO: Request is not CORS (request origin is empty). {"request":null,"server":"[object] (Neomerx\\Cors\\Http\\ParsedUrl: //)"} []
[2019-10-09 22:23:58] my_logger.DEBUG: CORS analysis for request completed. [] []
[2019-10-09 22:23:58] my_logger.INFO: Slim-Skeleton '/' route [] []
[2019-10-09 22:23:58] my_logger.DEBUG: CORS analysis for request started. [] []
[2019-10-09 22:23:58] my_logger.INFO: Request is not CORS (request origin is empty). {"request":null,"server":"[object] (Neomerx\\Cors\\Http\\ParsedUrl: //)"} []
[2019-10-09 22:23:58] my_logger.DEBUG: CORS analysis for request completed. [] []
[2019-10-09 22:23:58] my_logger.DEBUG: CORS analysis for request started. [] []
[2019-10-09 22:23:58] my_logger.INFO: Request is not CORS (request origin is empty). {"request":null,"server":"[object] (Neomerx\\Cors\\Http\\ParsedUrl: //)"} []
[2019-10-09 22:23:58] my_logger.DEBUG: CORS analysis for request completed. [] []
[2019-10-09 22:24:14] my_logger.DEBUG: CORS analysis for request started. [] []
[2019-10-09 22:24:14] my_logger.INFO: Request is not CORS (request origin is empty). {"request":null,"server":"[object] (Neomerx\\Cors\\Http\\ParsedUrl: //)"} []
[2019-10-09 22:24:14] my_logger.DEBUG: CORS analysis for request completed. [] []
[2019-10-09 22:24:35] my_logger.DEBUG: CORS analysis for request started. [] []
[2019-10-09 22:24:35] my_logger.INFO: Request is not CORS (request origin is empty). {"request":null,"server":"[object] (Neomerx\\Cors\\Http\\ParsedUrl: //)"} []
[2019-10-09 22:24:35] my_logger.DEBUG: CORS analysis for request completed. [] []
[2019-10-09 22:24:54] my_logger.DEBUG: CORS analysis for request started. [] []
[2019-10-09 22:24:54] my_logger.DEBUG: Request is identified as an actual CORS request. [] []
[2019-10-09 22:24:54] my_logger.DEBUG: CORS analysis for request completed. [] []
[2019-10-09 22:25:13] my_logger.DEBUG: CORS analysis for request started. [] []
[2019-10-09 22:25:13] my_logger.DEBUG: Request is identified as an actual CORS request. [] []
[2019-10-09 22:25:13] my_logger.DEBUG: CORS analysis for request completed. [] []
[2019-10-09 22:25:23] my_logger.DEBUG: CORS analysis for request started. [] []
[2019-10-09 22:25:23] my_logger.DEBUG: Request is identified as an actual CORS request. [] []
[2019-10-09 22:25:23] my_logger.DEBUG: CORS analysis for request completed. [] []
[2019-10-09 22:25:44] my_logger.DEBUG: CORS analysis for request started. [] []
[2019-10-09 22:25:44] my_logger.DEBUG: Request is identified as an actual CORS request. [] []
[2019-10-09 22:25:44] my_logger.DEBUG: CORS analysis for request completed. [] []
[2019-10-09 22:30:47] my_logger.DEBUG: CORS analysis for request started. [] []
[2019-10-09 22:30:47] my_logger.INFO: Request is not CORS (request origin is empty). {"request":null,"server":"[object] (Neomerx\\Cors\\Http\\ParsedUrl: //)"} []
[2019-10-09 22:30:47] my_logger.DEBUG: CORS analysis for request completed. [] []
[2019-10-09 22:33:08] my_logger.DEBUG: CORS analysis for request started. [] []
[2019-10-09 22:33:08] my_logger.DEBUG: Request is identified as an actual CORS request. [] []
[2019-10-09 22:33:08] my_logger.DEBUG: CORS analysis for request completed. [] []
[2019-10-09 22:33:28] my_logger.DEBUG: CORS analysis for request started. [] []
[2019-10-09 22:33:28] my_logger.INFO: Request is not CORS (request origin is empty). {"request":null,"server":"[object] (Neomerx\\Cors\\Http\\ParsedUrl: //)"} []
[2019-10-09 22:33:28] my_logger.DEBUG: CORS analysis for request completed. [] []
[2019-10-09 22:33:28] my_logger.WARNING: Token not found [] []
[2019-10-09 22:34:00] my_logger.DEBUG: CORS analysis for request started. [] []
[2019-10-09 22:34:00] my_logger.DEBUG: Request is identified as an actual CORS request. [] []
[2019-10-09 22:34:00] my_logger.DEBUG: CORS analysis for request completed. [] []
[2019-10-09 22:34:02] my_logger.DEBUG: CORS analysis for request started. [] []
[2019-10-09 22:34:02] my_logger.DEBUG: Request is identified as an actual CORS request. [] []
[2019-10-09 22:34:02] my_logger.DEBUG: CORS analysis for request completed. [] []
[2019-10-09 22:34:21] my_logger.DEBUG: CORS analysis for request started. [] []
[2019-10-09 22:34:21] my_logger.INFO: Request is not CORS (request origin is empty). {"request":null,"server":"[object] (Neomerx\\Cors\\Http\\ParsedUrl: //)"} []
[2019-10-09 22:34:21] my_logger.DEBUG: CORS analysis for request completed. [] []
[2019-10-09 22:34:21] my_logger.DEBUG: Using token from environment [] []
[2019-10-09 22:34:26] my_logger.DEBUG: CORS analysis for request started. [] []
[2019-10-09 22:34:26] my_logger.INFO: Request is not CORS (request origin is empty). {"request":null,"server":"[object] (Neomerx\\Cors\\Http\\ParsedUrl: //)"} []
[2019-10-09 22:34:26] my_logger.DEBUG: CORS analysis for request completed. [] []
[2019-10-09 22:34:26] my_logger.DEBUG: Using token from environment [] []
[2019-10-09 22:34:26] my_logger.DEBUG: CORS analysis for request started. [] []
[2019-10-09 22:34:26] my_logger.INFO: Request is not CORS (request origin is empty). {"request":null,"server":"[object] (Neomerx\\Cors\\Http\\ParsedUrl: //)"} []
[2019-10-09 22:34:26] my_logger.DEBUG: CORS analysis for request completed. [] []
[2019-10-09 22:34:26] my_logger.DEBUG: Using token from environment [] []
[2019-10-09 22:34:27] my_logger.DEBUG: CORS analysis for request started. [] []
[2019-10-09 22:34:27] my_logger.INFO: Request is not CORS (request origin is empty). {"request":null,"server":"[object] (Neomerx\\Cors\\Http\\ParsedUrl: //)"} []
[2019-10-09 22:34:27] my_logger.DEBUG: CORS analysis for request completed. [] []
[2019-10-09 22:34:27] my_logger.DEBUG: Using token from environment [] []
[2019-10-09 22:34:28] my_logger.DEBUG: CORS analysis for request started. [] []
[2019-10-09 22:34:28] my_logger.INFO: Request is not CORS (request origin is empty). {"request":null,"server":"[object] (Neomerx\\Cors\\Http\\ParsedUrl: //)"} []
[2019-10-09 22:34:28] my_logger.DEBUG: CORS analysis for request completed. [] []
[2019-10-09 22:34:28] my_logger.DEBUG: Using token from environment [] []
[2019-10-09 22:34:56] my_logger.DEBUG: CORS analysis for request started. [] []
[2019-10-09 22:34:56] my_logger.INFO: Request is not CORS (request origin is empty). {"request":null,"server":"[object] (Neomerx\\Cors\\Http\\ParsedUrl: //)"} []
[2019-10-09 22:34:56] my_logger.DEBUG: CORS analysis for request completed. [] []
[2019-10-09 22:34:56] my_logger.DEBUG: Using token from environment [] []
[2019-10-09 22:34:57] my_logger.DEBUG: CORS analysis for request started. [] []
[2019-10-09 22:34:57] my_logger.INFO: Request is not CORS (request origin is empty). {"request":null,"server":"[object] (Neomerx\\Cors\\Http\\ParsedUrl: //)"} []
[2019-10-09 22:34:57] my_logger.DEBUG: CORS analysis for request completed. [] []
[2019-10-09 22:34:57] my_logger.DEBUG: Using token from environment [] []
[2019-10-09 22:34:58] my_logger.DEBUG: CORS analysis for request started. [] []
[2019-10-09 22:34:58] my_logger.INFO: Request is not CORS (request origin is empty). {"request":null,"server":"[object] (Neomerx\\Cors\\Http\\ParsedUrl: //)"} []
[2019-10-09 22:34:58] my_logger.DEBUG: CORS analysis for request completed. [] []
[2019-10-09 22:34:58] my_logger.DEBUG: Using token from environment [] []
[2019-10-09 22:34:58] my_logger.DEBUG: CORS analysis for request started. [] []
[2019-10-09 22:34:58] my_logger.INFO: Request is not CORS (request origin is empty). {"request":null,"server":"[object] (Neomerx\\Cors\\Http\\ParsedUrl: //)"} []
[2019-10-09 22:34:58] my_logger.DEBUG: CORS analysis for request completed. [] []
[2019-10-09 22:34:58] my_logger.DEBUG: Using token from environment [] []
[2019-10-09 22:35:14] my_logger.DEBUG: CORS analysis for request started. [] []
[2019-10-09 22:35:14] my_logger.INFO: Request is not CORS (request origin is empty). {"request":null,"server":"[object] (Neomerx\\Cors\\Http\\ParsedUrl: //)"} []
[2019-10-09 22:35:14] my_logger.DEBUG: CORS analysis for request completed. [] []
[2019-10-09 22:35:14] my_logger.DEBUG: Using token from environment [] []
[2019-10-09 22:35:14] my_logger.WARNING: Expired token ["eyJ0eXAiOiJKV1QiLCJhbGciOiJIUzI1NiJ9.eyJpYXQiOjE1NzA2MzE2NDIsImV4cCI6MTU3MDYzMTcwMiwianRpIjoiNWdFaXg5N2hNS2d1VEJ4VXJyT2xSMCJ9.kQQTCdhC5CLYy9eAGgrK-GQAoMVfJiuS7bP1oz3AZFs"] []
[2019-10-09 22:35:17] my_logger.DEBUG: CORS analysis for request started. [] []
[2019-10-09 22:35:17] my_logger.INFO: Request is not CORS (request origin is empty). {"request":null,"server":"[object] (Neomerx\\Cors\\Http\\ParsedUrl: //)"} []
[2019-10-09 22:35:17] my_logger.DEBUG: CORS analysis for request completed. [] []
[2019-10-09 22:35:17] my_logger.DEBUG: Using token from environment [] []
[2019-10-09 22:35:17] my_logger.WARNING: Expired token ["eyJ0eXAiOiJKV1QiLCJhbGciOiJIUzI1NiJ9.eyJpYXQiOjE1NzA2MzE2NDIsImV4cCI6MTU3MDYzMTcwMiwianRpIjoiNWdFaXg5N2hNS2d1VEJ4VXJyT2xSMCJ9.kQQTCdhC5CLYy9eAGgrK-GQAoMVfJiuS7bP1oz3AZFs"] []
[2019-10-09 22:40:21] my_logger.DEBUG: CORS analysis for request started. [] []
[2019-10-09 22:40:21] my_logger.INFO: Request is not CORS (request origin is empty). {"request":null,"server":"[object] (Neomerx\\Cors\\Http\\ParsedUrl: //)"} []
[2019-10-09 22:40:21] my_logger.DEBUG: CORS analysis for request completed. [] []
[2019-10-09 22:40:21] my_logger.DEBUG: Using token from environment [] []
[2019-10-09 22:40:21] my_logger.WARNING: Expired token ["eyJ0eXAiOiJKV1QiLCJhbGciOiJIUzI1NiJ9.eyJpYXQiOjE1NzA2MzE2NDIsImV4cCI6MTU3MDYzMTcwMiwianRpIjoiNWdFaXg5N2hNS2d1VEJ4VXJyT2xSMCJ9.kQQTCdhC5CLYy9eAGgrK-GQAoMVfJiuS7bP1oz3AZFs"] []
[2019-10-09 22:40:25] my_logger.DEBUG: CORS analysis for request started. [] []
[2019-10-09 22:40:25] my_logger.DEBUG: Request is identified as an actual CORS request. [] []
[2019-10-09 22:40:25] my_logger.DEBUG: CORS analysis for request completed. [] []
[2019-10-09 22:40:51] my_logger.DEBUG: CORS analysis for request started. [] []
[2019-10-09 22:40:51] my_logger.DEBUG: Request is identified as an actual CORS request. [] []
[2019-10-09 22:40:51] my_logger.DEBUG: CORS analysis for request completed. [] []
[2019-10-09 22:41:14] my_logger.DEBUG: CORS analysis for request started. [] []
[2019-10-09 22:41:14] my_logger.DEBUG: Request is identified as an actual CORS request. [] []
[2019-10-09 22:41:14] my_logger.DEBUG: CORS analysis for request completed. [] []
[2019-10-09 22:44:00] my_logger.DEBUG: CORS analysis for request started. [] []
[2019-10-09 22:44:00] my_logger.DEBUG: Request is identified as an actual CORS request. [] []
[2019-10-09 22:44:00] my_logger.DEBUG: CORS analysis for request completed. [] []
[2019-10-09 22:44:00] my_logger.WARNING: Token not found [] []
[2019-10-09 22:44:30] my_logger.DEBUG: CORS analysis for request started. [] []
[2019-10-09 22:44:30] my_logger.DEBUG: Request is identified as an actual CORS request. [] []
[2019-10-09 22:44:30] my_logger.DEBUG: CORS analysis for request completed. [] []
[2019-10-09 22:46:21] my_logger.DEBUG: CORS analysis for request started. [] []
[2019-10-09 22:46:21] my_logger.DEBUG: Request is identified as an actual CORS request. [] []
[2019-10-09 22:46:21] my_logger.DEBUG: CORS analysis for request completed. [] []
[2019-10-09 22:46:50] my_logger.DEBUG: CORS analysis for request started. [] []
[2019-10-09 22:46:50] my_logger.DEBUG: Request is identified as an actual CORS request. [] []
[2019-10-09 22:46:50] my_logger.DEBUG: CORS analysis for request completed. [] []
[2019-10-09 22:46:59] my_logger.DEBUG: CORS analysis for request started. [] []
[2019-10-09 22:46:59] my_logger.DEBUG: Request is identified as an actual CORS request. [] []
[2019-10-09 22:46:59] my_logger.DEBUG: CORS analysis for request completed. [] []
[2019-10-09 22:48:18] my_logger.DEBUG: CORS analysis for request started. [] []
[2019-10-09 22:48:18] my_logger.DEBUG: Request is identified as an actual CORS request. [] []
[2019-10-09 22:48:18] my_logger.DEBUG: CORS analysis for request completed. [] []
[2019-10-09 22:49:08] my_logger.DEBUG: CORS analysis for request started. [] []
[2019-10-09 22:49:08] my_logger.DEBUG: Request is identified as an actual CORS request. [] []
[2019-10-09 22:49:08] my_logger.DEBUG: CORS analysis for request completed. [] []
[2019-10-09 22:50:19] my_logger.DEBUG: CORS analysis for request started. [] []
[2019-10-09 22:50:19] my_logger.DEBUG: Request is identified as an actual CORS request. [] []
[2019-10-09 22:50:19] my_logger.DEBUG: CORS analysis for request completed. [] []
[2019-10-09 22:50:35] my_logger.DEBUG: CORS analysis for request started. [] []
[2019-10-09 22:50:35] my_logger.DEBUG: Request is identified as an actual CORS request. [] []
[2019-10-09 22:50:35] my_logger.DEBUG: CORS analysis for request completed. [] []
[2019-10-09 22:50:46] my_logger.DEBUG: CORS analysis for request started. [] []
[2019-10-09 22:50:46] my_logger.DEBUG: Request is identified as an actual CORS request. [] []
[2019-10-09 22:50:46] my_logger.DEBUG: CORS analysis for request completed. [] []
[2019-10-09 22:51:02] my_logger.DEBUG: CORS analysis for request started. [] []
[2019-10-09 22:51:02] my_logger.DEBUG: Request is identified as an actual CORS request. [] []
[2019-10-09 22:51:02] my_logger.DEBUG: CORS analysis for request completed. [] []
[2019-10-09 22:51:03] my_logger.DEBUG: CORS analysis for request started. [] []
[2019-10-09 22:51:03] my_logger.DEBUG: Request is identified as an actual CORS request. [] []
[2019-10-09 22:51:03] my_logger.DEBUG: CORS analysis for request completed. [] []
[2019-10-09 22:51:20] my_logger.DEBUG: CORS analysis for request started. [] []
[2019-10-09 22:51:20] my_logger.DEBUG: Request is identified as an actual CORS request. [] []
[2019-10-09 22:51:20] my_logger.DEBUG: CORS analysis for request completed. [] []
[2019-10-09 22:51:20] my_logger.DEBUG: CORS analysis for request started. [] []
[2019-10-09 22:51:20] my_logger.DEBUG: Request is identified as an actual CORS request. [] []
[2019-10-09 22:51:20] my_logger.DEBUG: CORS analysis for request completed. [] []
