[10-Oct-2019 15:53:34 Asia/Manila] Slim Application Error:
Type: PDOException
Code: 2002
Message: SQLSTATE[HY000] [2002] No connection could be made because the target machine actively refused it.

File: D:\DESKTOP\UwAmp310\www\elyunite\db.php
Line: 33
Trace: #0 D:\DESKTOP\UwAmp310\www\elyunite\db.php(33): PDO->__construct('mysql:host=loca...', 'root', 'root', Array)
#1 D:\DESKTOP\UwAmp310\www\elyunite\api\surveys\index.php(17): pdo_db->__construct()
#2 D:\DESKTOP\UwAmp310\www\elyunite\api\vendor\pimple\pimple\src\Pimple\Container.php(118): {closure}(Object(Slim\Container))
#3 D:\DESKTOP\UwAmp310\www\elyunite\api\vendor\slim\slim\Slim\Container.php(123): Pimple\Container->offsetGet('con')
#4 D:\DESKTOP\UwAmp310\www\elyunite\api\vendor\slim\slim\Slim\Container.php(172): Slim\Container->get('con')
#5 D:\DESKTOP\UwAmp310\www\elyunite\api\surveys\index.php(24): Slim\Container->__get('con')
#6 [internal function]: Closure->{closure}(Object(Slim\Http\Request), Object(Slim\Http\Response), Array)
#7 D:\DESKTOP\UwAmp310\www\elyunite\api\vendor\slim\slim\Slim\Handlers\Strategies\RequestResponse.php(41): call_user_func(Object(Closure), Object(Slim\Http\Request), Object(Slim\Http\Response), Array)
#8 D:\DESKTOP\UwAmp310\www\elyunite\api\vendor\slim\slim\Slim\Route.php(356): Slim\Handlers\Strategies\RequestResponse->__invoke(Object(Closure), Object(Slim\Http\Request), Object(Slim\Http\Response), Array)
#9 D:\DESKTOP\UwAmp310\www\elyunite\api\vendor\slim\slim\Slim\MiddlewareAwareTrait.php(117): Slim\Route->__invoke(Object(Slim\Http\Request), Object(Slim\Http\Response))
#10 D:\DESKTOP\UwAmp310\www\elyunite\api\vendor\slim\slim\Slim\Route.php(334): Slim\Route->callMiddlewareStack(Object(Slim\Http\Request), Object(Slim\Http\Response))
#11 D:\DESKTOP\UwAmp310\www\elyunite\api\vendor\slim\slim\Slim\App.php(515): Slim\Route->run(Object(Slim\Http\Request), Object(Slim\Http\Response))
#12 D:\DESKTOP\UwAmp310\www\elyunite\api\vendor\slim\slim\Slim\MiddlewareAwareTrait.php(117): Slim\App->__invoke(Object(Slim\Http\Request), Object(Slim\Http\Response))
#13 D:\DESKTOP\UwAmp310\www\elyunite\api\vendor\slim\slim\Slim\App.php(406): Slim\App->callMiddlewareStack(Object(Slim\Http\Request), Object(Slim\Http\Response))
#14 D:\DESKTOP\UwAmp310\www\elyunite\api\vendor\slim\slim\Slim\App.php(314): Slim\App->process(Object(Slim\Http\Request), Object(Slim\Http\Response))
#15 D:\DESKTOP\UwAmp310\www\elyunite\api\surveys\index.php(157): Slim\App->run()
#16 {main}
View in rendered output by enabling the "displayErrorDetails" setting.

[10-Oct-2019 15:53:34 Asia/Manila] Slim Application Error:
Type: PDOException
Code: 2002
Message: SQLSTATE[HY000] [2002] No connection could be made because the target machine actively refused it.

File: D:\DESKTOP\UwAmp310\www\elyunite\db.php
Line: 33
Trace: #0 D:\DESKTOP\UwAmp310\www\elyunite\db.php(33): PDO->__construct('mysql:host=loca...', 'root', 'root', Array)
#1 D:\DESKTOP\UwAmp310\www\elyunite\api\surveys\index.php(17): pdo_db->__construct()
#2 D:\DESKTOP\UwAmp310\www\elyunite\api\vendor\pimple\pimple\src\Pimple\Container.php(118): {closure}(Object(Slim\Container))
#3 D:\DESKTOP\UwAmp310\www\elyunite\api\vendor\slim\slim\Slim\Container.php(123): Pimple\Container->offsetGet('con')
#4 D:\DESKTOP\UwAmp310\www\elyunite\api\vendor\slim\slim\Slim\Container.php(172): Slim\Container->get('con')
#5 D:\DESKTOP\UwAmp310\www\elyunite\api\surveys\index.php(133): Slim\Container->__get('con')
#6 [internal function]: Closure->{closure}(Object(Slim\Http\Request), Object(Slim\Http\Response), Array)
#7 D:\DESKTOP\UwAmp310\www\elyunite\api\vendor\slim\slim\Slim\Handlers\Strategies\RequestResponse.php(41): call_user_func(Object(Closure), Object(Slim\Http\Request), Object(Slim\Http\Response), Array)
#8 D:\DESKTOP\UwAmp310\www\elyunite\api\vendor\slim\slim\Slim\Route.php(356): Slim\Handlers\Strategies\RequestResponse->__invoke(Object(Closure), Object(Slim\Http\Request), Object(Slim\Http\Response), Array)
#9 D:\DESKTOP\UwAmp310\www\elyunite\api\vendor\slim\slim\Slim\MiddlewareAwareTrait.php(117): Slim\Route->__invoke(Object(Slim\Http\Request), Object(Slim\Http\Response))
#10 D:\DESKTOP\UwAmp310\www\elyunite\api\vendor\slim\slim\Slim\Route.php(334): Slim\Route->callMiddlewareStack(Object(Slim\Http\Request), Object(Slim\Http\Response))
#11 D:\DESKTOP\UwAmp310\www\elyunite\api\vendor\slim\slim\Slim\App.php(515): Slim\Route->run(Object(Slim\Http\Request), Object(Slim\Http\Response))
#12 D:\DESKTOP\UwAmp310\www\elyunite\api\vendor\slim\slim\Slim\MiddlewareAwareTrait.php(117): Slim\App->__invoke(Object(Slim\Http\Request), Object(Slim\Http\Response))
#13 D:\DESKTOP\UwAmp310\www\elyunite\api\vendor\slim\slim\Slim\App.php(406): Slim\App->callMiddlewareStack(Object(Slim\Http\Request), Object(Slim\Http\Response))
#14 D:\DESKTOP\UwAmp310\www\elyunite\api\vendor\slim\slim\Slim\App.php(314): Slim\App->process(Object(Slim\Http\Request), Object(Slim\Http\Response))
#15 D:\DESKTOP\UwAmp310\www\elyunite\api\surveys\index.php(157): Slim\App->run()
#16 {main}
View in rendered output by enabling the "displayErrorDetails" setting.

